<?xml version="1.0" encoding="UTF-8" ?>
<testsuite tests="8" failures="0" name="models.RangerTest" time="0.732" errors="0" skipped="0">
  <properties>
[...]
</properties>
  <testcase classname="models.RangerTest" name="update_changesExistingEndangeredRanger_Brian" time="0.36"/>
  <testcase classname="models.RangerTest" name="save_SuccessfullyAddsRangerToDatabaseList" time="0.051"/>
  <testcase classname="models.RangerTest" name="deleteRanger_removesRangerFromDatabase" time="0.055"/>
  <testcase classname="models.RangerTest" name="find_returnsRangerWithSameId_secondRanger" time="0.069"/>
  <testcase classname="models.RangerTest" name="equals_ReturnsTrueIfNamesAreSame_true" time="0.012"/>
  <testcase classname="models.RangerTest" name="all_returnsAllInstancesOfRanger_true" time="0.113"/>
  <testcase classname="models.RangerTest" name="save_assignsIdToRanger" time="0.055"/>
  <testcase classname="models.RangerTest" name="ranger_instantiatesCorrectly_true" time="0.017"/>
</testsuite>