<?xml version="1.0" encoding="UTF-8" ?>
<testsuite tests="9" failures="0" name="models.EndangeredTest" time="0.5" errors="0" skipped="0">
  <properties>
[...]
</properties>
  <testcase classname="models.EndangeredTest" name="endangeredAnimal_instantiatesCorrectly_true" time="0"/>
  <testcase classname="models.EndangeredTest" name="deleteEndangeredAnimal_removesEndangeredAnimalFromDatabase" time="0.079"/>
  <testcase classname="models.EndangeredTest" name="equals_ReturnsTrueIfNameAndTypeAreSame_true" time="0.02"/>
  <testcase classname="models.EndangeredTest" name="endangeredAnimal_instantiatesWithAllProperties_true" time="0.017"/>
  <testcase classname="models.EndangeredTest" name="find_returnsEndangeredWithSameId_secondAnimal" time="0.081"/>
  <testcase classname="models.EndangeredTest" name="save_SuccessfullyAddsAnimalToDatabaseList" time="0.053"/>
  <testcase classname="models.EndangeredTest" name="all_returnsAllInstancesOfEndangered_true" time="0.088"/>
  <testcase classname="models.EndangeredTest" name="save_assignsIdToEndangeredAnimal" time="0.055"/>
  <testcase classname="models.EndangeredTest" name="update_changesExistingEndangeredAnimalName_Lion" time="0.107"/>
</testsuite>